# JRE version: Java(TM) SE Runtime Environment (8.0_121-b13) (build 1.8.0_121-b13)
# Java VM: Java HotSpot(TM) 64-Bit Server VM (25.121-b13 mixed mode windows-amd64 compressed oops)
Heap:
 PSYoungGen      total 66560K, used 45649K [0x00000000d8380000, 0x00000000dc980000, 0x0000000100000000)
  eden space 61440K, 65% used [0x00000000d8380000,0x00000000dab17d58,0x00000000dbf80000)
  from space 5120K, 99% used [0x00000000dbf80000,0x00000000dc47c7b8,0x00000000dc480000)
  to   space 5120K, 0% used [0x00000000dc480000,0x00000000dc480000,0x00000000dc980000)
 ParOldGen       total 54272K, used 6878K [0x0000000088a00000, 0x000000008bf00000, 0x00000000d8380000)
  object space 54272K, 12% used [0x0000000088a00000,0x00000000890b7b20,0x000000008bf00000)
 Metaspace       used 25575K, capacity 25974K, committed 26112K, reserved 1073152K
  class space    used 3222K, capacity 3326K, committed 3328K, reserved 1048576K
GC Heap History (10 events):
Event: 3.368 GC heap before
{Heap before GC invocations=2 (full 0):
 PSYoungGen      total 35840K, used 35346K [0x00000000d8380000, 0x00000000dab80000, 0x0000000100000000)
  eden space 30720K, 100% used [0x00000000d8380000,0x00000000da180000,0x00000000da180000)
  from space 5120K, 90% used [0x00000000da180000,0x00000000da604ac8,0x00000000da680000)
  to   space 5120K, 0% used [0x00000000da680000,0x00000000da680000,0x00000000dab80000)
 ParOldGen       total 81920K, used 8K [0x0000000088a00000, 0x000000008da00000, 0x00000000d8380000)
  object space 81920K, 0% used [0x0000000088a00000,0x0000000088a02000,0x000000008da00000)
 Metaspace       used 15456K, capacity 15724K, committed 15872K, reserved 1062912K
  class space    used 1934K, capacity 2020K, committed 2048K, reserved 1048576K
Event: 3.386 GC heap after
Heap after GC invocations=2 (full 0):
 PSYoungGen      total 35840K, used 5096K [0x00000000d8380000, 0x00000000dc980000, 0x0000000100000000)
  eden space 30720K, 0% used [0x00000000d8380000,0x00000000d8380000,0x00000000da180000)
  from space 5120K, 99% used [0x00000000da680000,0x00000000dab7a310,0x00000000dab80000)
  to   space 5120K, 0% used [0x00000000da180000,0x00000000da180000,0x00000000da680000)
 ParOldGen       total 81920K, used 1661K [0x0000000088a00000, 0x000000008da00000, 0x00000000d8380000)
  object space 81920K, 2% used [0x0000000088a00000,0x0000000088b9f4e0,0x000000008da00000)
 Metaspace       used 15456K, capacity 15724K, committed 15872K, reserved 1062912K
  class space    used 1934K, capacity 2020K, committed 2048K, reserved 1048576K
}
Event: 4.369 GC heap before
{Heap before GC invocations=3 (full 0):
 PSYoungGen      total 35840K, used 35816K [0x00000000d8380000, 0x00000000dc980000, 0x0000000100000000)
  eden space 30720K, 100% used [0x00000000d8380000,0x00000000da180000,0x00000000da180000)
  from space 5120K, 99% used [0x00000000da680000,0x00000000dab7a310,0x00000000dab80000)
  to   space 5120K, 0% used [0x00000000da180000,0x00000000da180000,0x00000000da680000)
 ParOldGen       total 81920K, used 1661K [0x0000000088a00000, 0x000000008da00000, 0x00000000d8380000)
  object space 81920K, 2% used [0x0000000088a00000,0x0000000088b9f4e0,0x000000008da00000)
 Metaspace       used 19868K, capacity 20204K, committed 20480K, reserved 1067008K
  class space    used 2458K, capacity 2535K, committed 2560K, reserved 1048576K
Event: 4.390 GC heap after
Heap after GC invocations=3 (full 0):
 PSYoungGen      total 35840K, used 5105K [0x00000000d8380000, 0x00000000dc980000, 0x0000000100000000)
  eden space 30720K, 0% used [0x00000000d8380000,0x00000000d8380000,0x00000000da180000)
  from space 5120K, 99% used [0x00000000da180000,0x00000000da67c4a8,0x00000000da680000)
  to   space 5120K, 0% used [0x00000000dc480000,0x00000000dc480000,0x00000000dc980000)
 ParOldGen       total 81920K, used 3936K [0x0000000088a00000, 0x000000008da00000, 0x00000000d8380000)
  object space 81920K, 4% used [0x0000000088a00000,0x0000000088dd82c0,0x000000008da00000)
 Metaspace       used 19868K, capacity 20204K, committed 20480K, reserved 1067008K
  class space    used 2458K, capacity 2535K, committed 2560K, reserved 1048576K
}
Event: 5.162 GC heap before
{Heap before GC invocations=4 (full 0):
 PSYoungGen      total 35840K, used 28222K [0x00000000d8380000, 0x00000000dc980000, 0x0000000100000000)
  eden space 30720K, 75% used [0x00000000d8380000,0x00000000d9a136e8,0x00000000da180000)
  from space 5120K, 99% used [0x00000000da180000,0x00000000da67c4a8,0x00000000da680000)
  to   space 5120K, 0% used [0x00000000dc480000,0x00000000dc480000,0x00000000dc980000)
 ParOldGen       total 81920K, used 3936K [0x0000000088a00000, 0x000000008da00000, 0x00000000d8380000)
  object space 81920K, 4% used [0x0000000088a00000,0x0000000088dd82c0,0x000000008da00000)
 Metaspace       used 20808K, capacity 21200K, committed 21296K, reserved 1069056K
  class space    used 2568K, capacity 2669K, committed 2688K, reserved 1048576K
Event: 5.179 GC heap after
Heap after GC invocations=4 (full 0):
 PSYoungGen      total 66560K, used 5104K [0x00000000d8380000, 0x00000000dc980000, 0x0000000100000000)
  eden space 61440K, 0% used [0x00000000d8380000,0x00000000d8380000,0x00000000dbf80000)
  from space 5120K, 99% used [0x00000000dc480000,0x00000000dc97c010,0x00000000dc980000)
  to   space 5120K, 0% used [0x00000000dbf80000,0x00000000dbf80000,0x00000000dc480000)
 ParOldGen       total 81920K, used 5541K [0x0000000088a00000, 0x000000008da00000, 0x00000000d8380000)
  object space 81920K, 6% used [0x0000000088a00000,0x0000000088f69740,0x000000008da00000)
 Metaspace       used 20808K, capacity 21200K, committed 21296K, reserved 1069056K
  class space    used 2568K, capacity 2669K, committed 2688K, reserved 1048576K
}
Event: 5.179 GC heap before
{Heap before GC invocations=5 (full 1):
 PSYoungGen      total 66560K, used 5104K [0x00000000d8380000, 0x00000000dc980000, 0x0000000100000000)
  eden space 61440K, 0% used [0x00000000d8380000,0x00000000d8380000,0x00000000dbf80000)
  from space 5120K, 99% used [0x00000000dc480000,0x00000000dc97c010,0x00000000dc980000)
  to   space 5120K, 0% used [0x00000000dbf80000,0x00000000dbf80000,0x00000000dc480000)
 ParOldGen       total 81920K, used 5541K [0x0000000088a00000, 0x000000008da00000, 0x00000000d8380000)
  object space 81920K, 6% used [0x0000000088a00000,0x0000000088f69740,0x000000008da00000)
 Metaspace       used 20808K, capacity 21200K, committed 21296K, reserved 1069056K
  class space    used 2568K, capacity 2669K, committed 2688K, reserved 1048576K
Event: 5.249 GC heap after
Heap after GC invocations=5 (full 1):
 PSYoungGen      total 66560K, used 0K [0x00000000d8380000, 0x00000000dc980000, 0x0000000100000000)
  eden space 61440K, 0% used [0x00000000d8380000,0x00000000d8380000,0x00000000dbf80000)
  from space 5120K, 0% used [0x00000000dc480000,0x00000000dc480000,0x00000000dc980000)
  to   space 5120K, 0% used [0x00000000dbf80000,0x00000000dbf80000,0x00000000dc480000)
 ParOldGen       total 54272K, used 6640K [0x0000000088a00000, 0x000000008bf00000, 0x00000000d8380000)
  object space 54272K, 12% used [0x0000000088a00000,0x000000008907c100,0x000000008bf00000)
 Metaspace       used 20808K, capacity 21200K, committed 21296K, reserved 1069056K
  class space    used 2568K, capacity 2669K, committed 2688K, reserved 1048576K
}
Event: 7.581 GC heap before
{Heap before GC invocations=6 (full 1):
 PSYoungGen      total 66560K, used 61440K [0x00000000d8380000, 0x00000000dc980000, 0x0000000100000000)
  eden space 61440K, 100% used [0x00000000d8380000,0x00000000dbf80000,0x00000000dbf80000)
  from space 5120K, 0% used [0x00000000dc480000,0x00000000dc480000,0x00000000dc980000)
  to   space 5120K, 0% used [0x00000000dbf80000,0x00000000dbf80000,0x00000000dc480000)
 ParOldGen       total 54272K, used 6640K [0x0000000088a00000, 0x000000008bf00000, 0x00000000d8380000)
  object space 54272K, 12% used [0x0000000088a00000,0x000000008907c100,0x000000008bf00000)
 Metaspace       used 23780K, capacity 24166K, committed 24448K, reserved 1071104K
  class space    used 2972K, capacity 3094K, committed 3200K, reserved 1048576K
Event: 7.599 GC heap after
Heap after GC invocations=6 (full 1):
 PSYoungGen      total 66560K, used 5105K [0x00000000d8380000, 0x00000000dc980000, 0x0000000100000000)
  eden space 61440K, 0% used [0x00000000d8380000,0x00000000d8380000,0x00000000dbf80000)
  from space 5120K, 99% used [0x00000000dbf80000,0x00000000dc47c7b8,0x00000000dc480000)
  to   space 5120K, 0% used [0x00000000dc480000,0x00000000dc480000,0x00000000dc980000)
 ParOldGen       total 54272K, used 6878K [0x0000000088a00000, 0x000000008bf00000, 0x00000000d8380000)
  object space 54272K, 12% used [0x0000000088a00000,0x00000000890b7b20,0x000000008bf00000)
 Metaspace       used 23780K, capacity 24166K, committed 24448K, reserved 1071104K
  class space    used 2972K, capacity 3094K, committed 3200K, reserved 1048576K
}

