# JRE version: Java(TM) SE Runtime Environment (8.0_121-b13) (build 1.8.0_121-b13)
# Java VM: Java HotSpot(TM) 64-Bit Server VM (25.121-b13 mixed mode windows-amd64 compressed oops)
Heap:
 PSYoungGen      total 102912K, used 84171K [0x00000000d8380000, 0x00000000df700000, 0x0000000100000000)
  eden space 94208K, 80% used [0x00000000d8380000,0x00000000dcd33fd8,0x00000000ddf80000)
  from space 8704K, 99% used [0x00000000dea80000,0x00000000df2fee40,0x00000000df300000)
  to   space 11264K, 0% used [0x00000000ddf80000,0x00000000ddf80000,0x00000000dea80000)
 ParOldGen       total 53248K, used 9988K [0x0000000088a00000, 0x000000008be00000, 0x00000000d8380000)
  object space 53248K, 18% used [0x0000000088a00000,0x00000000893c1158,0x000000008be00000)
 Metaspace       used 30094K, capacity 30554K, committed 30848K, reserved 1077248K
  class space    used 3792K, capacity 3880K, committed 3968K, reserved 1048576K
GC Heap History (10 events):
Event: 4.453 GC heap before
{Heap before GC invocations=3 (full 0):
 PSYoungGen      total 35840K, used 35829K [0x00000000d8380000, 0x00000000dc980000, 0x0000000100000000)
  eden space 30720K, 100% used [0x00000000d8380000,0x00000000da180000,0x00000000da180000)
  from space 5120K, 99% used [0x00000000da680000,0x00000000dab7d560,0x00000000dab80000)
  to   space 5120K, 0% used [0x00000000da180000,0x00000000da180000,0x00000000da680000)
 ParOldGen       total 81920K, used 1651K [0x0000000088a00000, 0x000000008da00000, 0x00000000d8380000)
  object space 81920K, 2% used [0x0000000088a00000,0x0000000088b9ce30,0x000000008da00000)
 Metaspace       used 18948K, capacity 19314K, committed 19584K, reserved 1067008K
  class space    used 2349K, capacity 2425K, committed 2432K, reserved 1048576K
Event: 4.472 GC heap after
Heap after GC invocations=3 (full 0):
 PSYoungGen      total 35840K, used 5096K [0x00000000d8380000, 0x00000000dc980000, 0x0000000100000000)
  eden space 30720K, 0% used [0x00000000d8380000,0x00000000d8380000,0x00000000da180000)
  from space 5120K, 99% used [0x00000000da180000,0x00000000da67a1d0,0x00000000da680000)
  to   space 5120K, 0% used [0x00000000dc480000,0x00000000dc480000,0x00000000dc980000)
 ParOldGen       total 81920K, used 3805K [0x0000000088a00000, 0x000000008da00000, 0x00000000d8380000)
  object space 81920K, 4% used [0x0000000088a00000,0x0000000088db7778,0x000000008da00000)
 Metaspace       used 18948K, capacity 19314K, committed 19584K, reserved 1067008K
  class space    used 2349K, capacity 2425K, committed 2432K, reserved 1048576K
}
Event: 5.144 GC heap before
{Heap before GC invocations=4 (full 0):
 PSYoungGen      total 35840K, used 31904K [0x00000000d8380000, 0x00000000dc980000, 0x0000000100000000)
  eden space 30720K, 87% used [0x00000000d8380000,0x00000000d9dae118,0x00000000da180000)
  from space 5120K, 99% used [0x00000000da180000,0x00000000da67a1d0,0x00000000da680000)
  to   space 5120K, 0% used [0x00000000dc480000,0x00000000dc480000,0x00000000dc980000)
 ParOldGen       total 81920K, used 3805K [0x0000000088a00000, 0x000000008da00000, 0x00000000d8380000)
  object space 81920K, 4% used [0x0000000088a00000,0x0000000088db7778,0x000000008da00000)
 Metaspace       used 20847K, capacity 21208K, committed 21296K, reserved 1069056K
  class space    used 2570K, capacity 2669K, committed 2688K, reserved 1048576K
Event: 5.162 GC heap after
Heap after GC invocations=4 (full 0):
 PSYoungGen      total 66560K, used 5088K [0x00000000d8380000, 0x00000000dc980000, 0x0000000100000000)
  eden space 61440K, 0% used [0x00000000d8380000,0x00000000d8380000,0x00000000dbf80000)
  from space 5120K, 99% used [0x00000000dc480000,0x00000000dc978020,0x00000000dc980000)
  to   space 5120K, 0% used [0x00000000dbf80000,0x00000000dbf80000,0x00000000dc480000)
 ParOldGen       total 81920K, used 5799K [0x0000000088a00000, 0x000000008da00000, 0x00000000d8380000)
  object space 81920K, 7% used [0x0000000088a00000,0x0000000088fa9cc0,0x000000008da00000)
 Metaspace       used 20847K, capacity 21208K, committed 21296K, reserved 1069056K
  class space    used 2570K, capacity 2669K, committed 2688K, reserved 1048576K
}
Event: 5.162 GC heap before
{Heap before GC invocations=5 (full 1):
 PSYoungGen      total 66560K, used 5088K [0x00000000d8380000, 0x00000000dc980000, 0x0000000100000000)
  eden space 61440K, 0% used [0x00000000d8380000,0x00000000d8380000,0x00000000dbf80000)
  from space 5120K, 99% used [0x00000000dc480000,0x00000000dc978020,0x00000000dc980000)
  to   space 5120K, 0% used [0x00000000dbf80000,0x00000000dbf80000,0x00000000dc480000)
 ParOldGen       total 81920K, used 5799K [0x0000000088a00000, 0x000000008da00000, 0x00000000d8380000)
  object space 81920K, 7% used [0x0000000088a00000,0x0000000088fa9cc0,0x000000008da00000)
 Metaspace       used 20847K, capacity 21208K, committed 21296K, reserved 1069056K
  class space    used 2570K, capacity 2669K, committed 2688K, reserved 1048576K
Event: 5.224 GC heap after
Heap after GC invocations=5 (full 1):
 PSYoungGen      total 66560K, used 0K [0x00000000d8380000, 0x00000000dc980000, 0x0000000100000000)
  eden space 61440K, 0% used [0x00000000d8380000,0x00000000d8380000,0x00000000dbf80000)
  from space 5120K, 0% used [0x00000000dc480000,0x00000000dc480000,0x00000000dc980000)
  to   space 5120K, 0% used [0x00000000dbf80000,0x00000000dbf80000,0x00000000dc480000)
 ParOldGen       total 53248K, used 6980K [0x0000000088a00000, 0x000000008be00000, 0x00000000d8380000)
  object space 53248K, 13% used [0x0000000088a00000,0x00000000890d10e8,0x000000008be00000)
 Metaspace       used 20847K, capacity 21208K, committed 21296K, reserved 1069056K
  class space    used 2570K, capacity 2669K, committed 2688K, reserved 1048576K
}
Event: 6.880 GC heap before
{Heap before GC invocations=6 (full 1):
 PSYoungGen      total 66560K, used 61440K [0x00000000d8380000, 0x00000000dc980000, 0x0000000100000000)
  eden space 61440K, 100% used [0x00000000d8380000,0x00000000dbf80000,0x00000000dbf80000)
  from space 5120K, 0% used [0x00000000dc480000,0x00000000dc480000,0x00000000dc980000)
  to   space 5120K, 0% used [0x00000000dbf80000,0x00000000dbf80000,0x00000000dc480000)
 ParOldGen       total 53248K, used 6980K [0x0000000088a00000, 0x000000008be00000, 0x00000000d8380000)
  object space 53248K, 13% used [0x0000000088a00000,0x00000000890d10e8,0x000000008be00000)
 Metaspace       used 24120K, capacity 24494K, committed 24704K, reserved 1071104K
  class space    used 2999K, capacity 3094K, committed 3200K, reserved 1048576K
Event: 6.896 GC heap after
Heap after GC invocations=6 (full 1):
 PSYoungGen      total 66560K, used 5105K [0x00000000d8380000, 0x00000000df300000, 0x0000000100000000)
  eden space 61440K, 0% used [0x00000000d8380000,0x00000000d8380000,0x00000000dbf80000)
  from space 5120K, 99% used [0x00000000dbf80000,0x00000000dc47c508,0x00000000dc480000)
  to   space 8704K, 0% used [0x00000000dea80000,0x00000000dea80000,0x00000000df300000)
 ParOldGen       total 53248K, used 7220K [0x0000000088a00000, 0x000000008be00000, 0x00000000d8380000)
  object space 53248K, 13% used [0x0000000088a00000,0x000000008910d158,0x000000008be00000)
 Metaspace       used 24120K, capacity 24494K, committed 24704K, reserved 1071104K
  class space    used 2999K, capacity 3094K, committed 3200K, reserved 1048576K
}
Event: 8.713 GC heap before
{Heap before GC invocations=7 (full 1):
 PSYoungGen      total 66560K, used 66545K [0x00000000d8380000, 0x00000000df300000, 0x0000000100000000)
  eden space 61440K, 100% used [0x00000000d8380000,0x00000000dbf80000,0x00000000dbf80000)
  from space 5120K, 99% used [0x00000000dbf80000,0x00000000dc47c508,0x00000000dc480000)
  to   space 8704K, 0% used [0x00000000dea80000,0x00000000dea80000,0x00000000df300000)
 ParOldGen       total 53248K, used 7220K [0x0000000088a00000, 0x000000008be00000, 0x00000000d8380000)
  object space 53248K, 13% used [0x0000000088a00000,0x000000008910d158,0x000000008be00000)
 Metaspace       used 28318K, capacity 28790K, committed 29056K, reserved 1075200K
  class space    used 3568K, capacity 3682K, committed 3712K, reserved 1048576K
Event: 8.737 GC heap after
Heap after GC invocations=7 (full 1):
 PSYoungGen      total 102912K, used 8699K [0x00000000d8380000, 0x00000000df700000, 0x0000000100000000)
  eden space 94208K, 0% used [0x00000000d8380000,0x00000000d8380000,0x00000000ddf80000)
  from space 8704K, 99% used [0x00000000dea80000,0x00000000df2fee40,0x00000000df300000)
  to   space 11264K, 0% used [0x00000000ddf80000,0x00000000ddf80000,0x00000000dea80000)
 ParOldGen       total 53248K, used 9988K [0x0000000088a00000, 0x000000008be00000, 0x00000000d8380000)
  object space 53248K, 18% used [0x0000000088a00000,0x00000000893c1158,0x000000008be00000)
 Metaspace       used 28318K, capacity 28790K, committed 29056K, reserved 1075200K
  class space    used 3568K, capacity 3682K, committed 3712K, reserved 1048576K
}

