# JRE version: Java(TM) SE Runtime Environment (8.0_121-b13) (build 1.8.0_121-b13)
# Java VM: Java HotSpot(TM) 64-Bit Server VM (25.121-b13 mixed mode windows-amd64 compressed oops)
Heap:
 PSYoungGen      total 100352K, used 74281K [0x00000000d8380000, 0x00000000df480000, 0x0000000100000000)
  eden space 91648K, 71% used [0x00000000d8380000,0x00000000dc38fcc0,0x00000000ddd00000)
  from space 8704K, 99% used [0x00000000de800000,0x00000000df07a840,0x00000000df080000)
  to   space 11264K, 0% used [0x00000000ddd00000,0x00000000ddd00000,0x00000000de800000)
 ParOldGen       total 54784K, used 10309K [0x0000000088a00000, 0x000000008bf80000, 0x00000000d8380000)
  object space 54784K, 18% used [0x0000000088a00000,0x0000000089411418,0x000000008bf80000)
 Metaspace       used 30001K, capacity 30490K, committed 30848K, reserved 1077248K
  class space    used 3770K, capacity 3880K, committed 3968K, reserved 1048576K
GC Heap History (10 events):
Event: 3.963 GC heap before
{Heap before GC invocations=3 (full 0):
 PSYoungGen      total 35840K, used 35839K [0x00000000d8380000, 0x00000000dc980000, 0x0000000100000000)
  eden space 30720K, 100% used [0x00000000d8380000,0x00000000da180000,0x00000000da180000)
  from space 5120K, 99% used [0x00000000da680000,0x00000000dab7fe20,0x00000000dab80000)
  to   space 5120K, 0% used [0x00000000da180000,0x00000000da180000,0x00000000da680000)
 ParOldGen       total 81920K, used 1569K [0x0000000088a00000, 0x000000008da00000, 0x00000000d8380000)
  object space 81920K, 1% used [0x0000000088a00000,0x0000000088b88748,0x000000008da00000)
 Metaspace       used 18923K, capacity 19250K, committed 19328K, reserved 1067008K
  class space    used 2344K, capacity 2425K, committed 2432K, reserved 1048576K
Event: 3.981 GC heap after
Heap after GC invocations=3 (full 0):
 PSYoungGen      total 35840K, used 5105K [0x00000000d8380000, 0x00000000dc980000, 0x0000000100000000)
  eden space 30720K, 0% used [0x00000000d8380000,0x00000000d8380000,0x00000000da180000)
  from space 5120K, 99% used [0x00000000da180000,0x00000000da67c588,0x00000000da680000)
  to   space 5120K, 0% used [0x00000000dc480000,0x00000000dc480000,0x00000000dc980000)
 ParOldGen       total 81920K, used 3699K [0x0000000088a00000, 0x000000008da00000, 0x00000000d8380000)
  object space 81920K, 4% used [0x0000000088a00000,0x0000000088d9cd38,0x000000008da00000)
 Metaspace       used 18923K, capacity 19250K, committed 19328K, reserved 1067008K
  class space    used 2344K, capacity 2425K, committed 2432K, reserved 1048576K
}
Event: 4.714 GC heap before
{Heap before GC invocations=4 (full 0):
 PSYoungGen      total 35840K, used 32745K [0x00000000d8380000, 0x00000000dc980000, 0x0000000100000000)
  eden space 30720K, 89% used [0x00000000d8380000,0x00000000d9e7dff8,0x00000000da180000)
  from space 5120K, 99% used [0x00000000da180000,0x00000000da67c588,0x00000000da680000)
  to   space 5120K, 0% used [0x00000000dc480000,0x00000000dc480000,0x00000000dc980000)
 ParOldGen       total 81920K, used 3699K [0x0000000088a00000, 0x000000008da00000, 0x00000000d8380000)
  object space 81920K, 4% used [0x0000000088a00000,0x0000000088d9cd38,0x000000008da00000)
 Metaspace       used 20893K, capacity 21208K, committed 21296K, reserved 1069056K
  class space    used 2568K, capacity 2669K, committed 2688K, reserved 1048576K
Event: 4.734 GC heap after
Heap after GC invocations=4 (full 0):
 PSYoungGen      total 66560K, used 5090K [0x00000000d8380000, 0x00000000dc980000, 0x0000000100000000)
  eden space 61440K, 0% used [0x00000000d8380000,0x00000000d8380000,0x00000000dbf80000)
  from space 5120K, 99% used [0x00000000dc480000,0x00000000dc978b40,0x00000000dc980000)
  to   space 5120K, 0% used [0x00000000dbf80000,0x00000000dbf80000,0x00000000dc480000)
 ParOldGen       total 81920K, used 5822K [0x0000000088a00000, 0x000000008da00000, 0x00000000d8380000)
  object space 81920K, 7% used [0x0000000088a00000,0x0000000088faf938,0x000000008da00000)
 Metaspace       used 20893K, capacity 21208K, committed 21296K, reserved 1069056K
  class space    used 2568K, capacity 2669K, committed 2688K, reserved 1048576K
}
Event: 4.734 GC heap before
{Heap before GC invocations=5 (full 1):
 PSYoungGen      total 66560K, used 5090K [0x00000000d8380000, 0x00000000dc980000, 0x0000000100000000)
  eden space 61440K, 0% used [0x00000000d8380000,0x00000000d8380000,0x00000000dbf80000)
  from space 5120K, 99% used [0x00000000dc480000,0x00000000dc978b40,0x00000000dc980000)
  to   space 5120K, 0% used [0x00000000dbf80000,0x00000000dbf80000,0x00000000dc480000)
 ParOldGen       total 81920K, used 5822K [0x0000000088a00000, 0x000000008da00000, 0x00000000d8380000)
  object space 81920K, 7% used [0x0000000088a00000,0x0000000088faf938,0x000000008da00000)
 Metaspace       used 20893K, capacity 21208K, committed 21296K, reserved 1069056K
  class space    used 2568K, capacity 2669K, committed 2688K, reserved 1048576K
Event: 4.798 GC heap after
Heap after GC invocations=5 (full 1):
 PSYoungGen      total 66560K, used 0K [0x00000000d8380000, 0x00000000dc980000, 0x0000000100000000)
  eden space 61440K, 0% used [0x00000000d8380000,0x00000000d8380000,0x00000000dbf80000)
  from space 5120K, 0% used [0x00000000dc480000,0x00000000dc480000,0x00000000dc980000)
  to   space 5120K, 0% used [0x00000000dbf80000,0x00000000dbf80000,0x00000000dc480000)
 ParOldGen       total 54784K, used 7075K [0x0000000088a00000, 0x000000008bf80000, 0x00000000d8380000)
  object space 54784K, 12% used [0x0000000088a00000,0x00000000890e8e68,0x000000008bf80000)
 Metaspace       used 20893K, capacity 21208K, committed 21296K, reserved 1069056K
  class space    used 2568K, capacity 2669K, committed 2688K, reserved 1048576K
}
Event: 6.480 GC heap before
{Heap before GC invocations=6 (full 1):
 PSYoungGen      total 66560K, used 61440K [0x00000000d8380000, 0x00000000dc980000, 0x0000000100000000)
  eden space 61440K, 100% used [0x00000000d8380000,0x00000000dbf80000,0x00000000dbf80000)
  from space 5120K, 0% used [0x00000000dc480000,0x00000000dc480000,0x00000000dc980000)
  to   space 5120K, 0% used [0x00000000dbf80000,0x00000000dbf80000,0x00000000dc480000)
 ParOldGen       total 54784K, used 7075K [0x0000000088a00000, 0x000000008bf80000, 0x00000000d8380000)
  object space 54784K, 12% used [0x0000000088a00000,0x00000000890e8e68,0x000000008bf80000)
 Metaspace       used 24107K, capacity 24494K, committed 24704K, reserved 1071104K
  class space    used 2994K, capacity 3094K, committed 3200K, reserved 1048576K
Event: 6.490 GC heap after
Heap after GC invocations=6 (full 1):
 PSYoungGen      total 66560K, used 5092K [0x00000000d8380000, 0x00000000df080000, 0x0000000100000000)
  eden space 61440K, 0% used [0x00000000d8380000,0x00000000d8380000,0x00000000dbf80000)
  from space 5120K, 99% used [0x00000000dbf80000,0x00000000dc479330,0x00000000dc480000)
  to   space 8704K, 0% used [0x00000000de800000,0x00000000de800000,0x00000000df080000)
 ParOldGen       total 54784K, used 7329K [0x0000000088a00000, 0x000000008bf80000, 0x00000000d8380000)
  object space 54784K, 13% used [0x0000000088a00000,0x0000000089128478,0x000000008bf80000)
 Metaspace       used 24107K, capacity 24494K, committed 24704K, reserved 1071104K
  class space    used 2994K, capacity 3094K, committed 3200K, reserved 1048576K
}
Event: 8.284 GC heap before
{Heap before GC invocations=7 (full 1):
 PSYoungGen      total 66560K, used 66532K [0x00000000d8380000, 0x00000000df080000, 0x0000000100000000)
  eden space 61440K, 100% used [0x00000000d8380000,0x00000000dbf80000,0x00000000dbf80000)
  from space 5120K, 99% used [0x00000000dbf80000,0x00000000dc479330,0x00000000dc480000)
  to   space 8704K, 0% used [0x00000000de800000,0x00000000de800000,0x00000000df080000)
 ParOldGen       total 54784K, used 7329K [0x0000000088a00000, 0x000000008bf80000, 0x00000000d8380000)
  object space 54784K, 13% used [0x0000000088a00000,0x0000000089128478,0x000000008bf80000)
 Metaspace       used 28398K, capacity 28822K, committed 29056K, reserved 1075200K
  class space    used 3567K, capacity 3650K, committed 3712K, reserved 1048576K
Event: 8.307 GC heap after
Heap after GC invocations=7 (full 1):
 PSYoungGen      total 100352K, used 8682K [0x00000000d8380000, 0x00000000df480000, 0x0000000100000000)
  eden space 91648K, 0% used [0x00000000d8380000,0x00000000d8380000,0x00000000ddd00000)
  from space 8704K, 99% used [0x00000000de800000,0x00000000df07a840,0x00000000df080000)
  to   space 11264K, 0% used [0x00000000ddd00000,0x00000000ddd00000,0x00000000de800000)
 ParOldGen       total 54784K, used 10309K [0x0000000088a00000, 0x000000008bf80000, 0x00000000d8380000)
  object space 54784K, 18% used [0x0000000088a00000,0x0000000089411418,0x000000008bf80000)
 Metaspace       used 28398K, capacity 28822K, committed 29056K, reserved 1075200K
  class space    used 3567K, capacity 3650K, committed 3712K, reserved 1048576K
}

