# JRE version: Java(TM) SE Runtime Environment (8.0_121-b13) (build 1.8.0_121-b13)
# Java VM: Java HotSpot(TM) 64-Bit Server VM (25.121-b13 mixed mode windows-amd64 compressed oops)
Heap:
 PSYoungGen      total 55808K, used 1904K [0x00000000d8380000, 0x00000000dc400000, 0x0000000100000000)
  eden space 46592K, 0% used [0x00000000d8380000,0x00000000d8380000,0x00000000db100000)
  from space 9216K, 20% used [0x00000000dbb00000,0x00000000dbcdc160,0x00000000dc400000)
  to   space 9728K, 0% used [0x00000000db100000,0x00000000db100000,0x00000000dba80000)
 ParOldGen       total 54272K, used 6927K [0x0000000088a00000, 0x000000008bf00000, 0x00000000d8380000)
  object space 54272K, 12% used [0x0000000088a00000,0x00000000890c3dd0,0x000000008bf00000)
 Metaspace       used 22669K, capacity 23028K, committed 23088K, reserved 1069056K
  class space    used 2832K, capacity 2931K, committed 2944K, reserved 1048576K
GC Heap History (10 events):
Event: 2.981 GC heap before
{Heap before GC invocations=2 (full 0):
 PSYoungGen      total 35840K, used 35362K [0x00000000d8380000, 0x00000000dab80000, 0x0000000100000000)
  eden space 30720K, 100% used [0x00000000d8380000,0x00000000da180000,0x00000000da180000)
  from space 5120K, 90% used [0x00000000da180000,0x00000000da6089d0,0x00000000da680000)
  to   space 5120K, 0% used [0x00000000da680000,0x00000000da680000,0x00000000dab80000)
 ParOldGen       total 81920K, used 8K [0x0000000088a00000, 0x000000008da00000, 0x00000000d8380000)
  object space 81920K, 0% used [0x0000000088a00000,0x0000000088a02000,0x000000008da00000)
 Metaspace       used 15446K, capacity 15724K, committed 15872K, reserved 1062912K
  class space    used 1937K, capacity 2020K, committed 2048K, reserved 1048576K
Event: 2.999 GC heap after
Heap after GC invocations=2 (full 0):
 PSYoungGen      total 35840K, used 5110K [0x00000000d8380000, 0x00000000dab80000, 0x0000000100000000)
  eden space 30720K, 0% used [0x00000000d8380000,0x00000000d8380000,0x00000000da180000)
  from space 5120K, 99% used [0x00000000da680000,0x00000000dab7d9d8,0x00000000dab80000)
  to   space 5120K, 0% used [0x00000000da180000,0x00000000da180000,0x00000000da680000)
 ParOldGen       total 81920K, used 1634K [0x0000000088a00000, 0x000000008da00000, 0x00000000d8380000)
  object space 81920K, 1% used [0x0000000088a00000,0x0000000088b988d8,0x000000008da00000)
 Metaspace       used 15446K, capacity 15724K, committed 15872K, reserved 1062912K
  class space    used 1937K, capacity 2020K, committed 2048K, reserved 1048576K
}
Event: 4.044 GC heap before
{Heap before GC invocations=3 (full 0):
 PSYoungGen      total 35840K, used 35830K [0x00000000d8380000, 0x00000000dab80000, 0x0000000100000000)
  eden space 30720K, 100% used [0x00000000d8380000,0x00000000da180000,0x00000000da180000)
  from space 5120K, 99% used [0x00000000da680000,0x00000000dab7d9d8,0x00000000dab80000)
  to   space 5120K, 0% used [0x00000000da180000,0x00000000da180000,0x00000000da680000)
 ParOldGen       total 81920K, used 1634K [0x0000000088a00000, 0x000000008da00000, 0x00000000d8380000)
  object space 81920K, 1% used [0x0000000088a00000,0x0000000088b988d8,0x000000008da00000)
 Metaspace       used 19878K, capacity 20204K, committed 20480K, reserved 1067008K
  class space    used 2455K, capacity 2535K, committed 2560K, reserved 1048576K
Event: 4.061 GC heap after
Heap after GC invocations=3 (full 0):
 PSYoungGen      total 35840K, used 5113K [0x00000000d8380000, 0x00000000dab80000, 0x0000000100000000)
  eden space 30720K, 0% used [0x00000000d8380000,0x00000000d8380000,0x00000000da180000)
  from space 5120K, 99% used [0x00000000da180000,0x00000000da67e580,0x00000000da680000)
  to   space 5120K, 0% used [0x00000000da680000,0x00000000da680000,0x00000000dab80000)
 ParOldGen       total 81920K, used 3988K [0x0000000088a00000, 0x000000008da00000, 0x00000000d8380000)
  object space 81920K, 4% used [0x0000000088a00000,0x0000000088de53a0,0x000000008da00000)
 Metaspace       used 19878K, capacity 20204K, committed 20480K, reserved 1067008K
  class space    used 2455K, capacity 2535K, committed 2560K, reserved 1048576K
}
Event: 4.689 GC heap before
{Heap before GC invocations=4 (full 0):
 PSYoungGen      total 35840K, used 33419K [0x00000000d8380000, 0x00000000dab80000, 0x0000000100000000)
  eden space 30720K, 92% used [0x00000000d8380000,0x00000000d9f24800,0x00000000da180000)
  from space 5120K, 99% used [0x00000000da180000,0x00000000da67e580,0x00000000da680000)
  to   space 5120K, 0% used [0x00000000da680000,0x00000000da680000,0x00000000dab80000)
 ParOldGen       total 81920K, used 3988K [0x0000000088a00000, 0x000000008da00000, 0x00000000d8380000)
  object space 81920K, 4% used [0x0000000088a00000,0x0000000088de53a0,0x000000008da00000)
 Metaspace       used 20864K, capacity 21200K, committed 21296K, reserved 1069056K
  class space    used 2569K, capacity 2669K, committed 2688K, reserved 1048576K
Event: 4.705 GC heap after
Heap after GC invocations=4 (full 0):
 PSYoungGen      total 35840K, used 5104K [0x00000000d8380000, 0x00000000dab80000, 0x0000000100000000)
  eden space 30720K, 0% used [0x00000000d8380000,0x00000000d8380000,0x00000000da180000)
  from space 5120K, 99% used [0x00000000da680000,0x00000000dab7c030,0x00000000dab80000)
  to   space 5120K, 0% used [0x00000000da180000,0x00000000da180000,0x00000000da680000)
 ParOldGen       total 81920K, used 5887K [0x0000000088a00000, 0x000000008da00000, 0x00000000d8380000)
  object space 81920K, 7% used [0x0000000088a00000,0x0000000088fbfc38,0x000000008da00000)
 Metaspace       used 20864K, capacity 21200K, committed 21296K, reserved 1069056K
  class space    used 2569K, capacity 2669K, committed 2688K, reserved 1048576K
}
Event: 4.705 GC heap before
{Heap before GC invocations=5 (full 1):
 PSYoungGen      total 35840K, used 5104K [0x00000000d8380000, 0x00000000dab80000, 0x0000000100000000)
  eden space 30720K, 0% used [0x00000000d8380000,0x00000000d8380000,0x00000000da180000)
  from space 5120K, 99% used [0x00000000da680000,0x00000000dab7c030,0x00000000dab80000)
  to   space 5120K, 0% used [0x00000000da180000,0x00000000da180000,0x00000000da680000)
 ParOldGen       total 81920K, used 5887K [0x0000000088a00000, 0x000000008da00000, 0x00000000d8380000)
  object space 81920K, 7% used [0x0000000088a00000,0x0000000088fbfc38,0x000000008da00000)
 Metaspace       used 20864K, capacity 21200K, committed 21296K, reserved 1069056K
  class space    used 2569K, capacity 2669K, committed 2688K, reserved 1048576K
Event: 4.765 GC heap after
Heap after GC invocations=5 (full 1):
 PSYoungGen      total 35840K, used 0K [0x00000000d8380000, 0x00000000dab80000, 0x0000000100000000)
  eden space 30720K, 0% used [0x00000000d8380000,0x00000000d8380000,0x00000000da180000)
  from space 5120K, 0% used [0x00000000da680000,0x00000000da680000,0x00000000dab80000)
  to   space 5120K, 0% used [0x00000000da180000,0x00000000da180000,0x00000000da680000)
 ParOldGen       total 54272K, used 6919K [0x0000000088a00000, 0x000000008bf00000, 0x00000000d8380000)
  object space 54272K, 12% used [0x0000000088a00000,0x00000000890c1dd0,0x000000008bf00000)
 Metaspace       used 20864K, capacity 21200K, committed 21296K, reserved 1069056K
  class space    used 2569K, capacity 2669K, committed 2688K, reserved 1048576K
}
Event: 5.363 GC heap before
{Heap before GC invocations=6 (full 1):
 PSYoungGen      total 35840K, used 30720K [0x00000000d8380000, 0x00000000dab80000, 0x0000000100000000)
  eden space 30720K, 100% used [0x00000000d8380000,0x00000000da180000,0x00000000da180000)
  from space 5120K, 0% used [0x00000000da680000,0x00000000da680000,0x00000000dab80000)
  to   space 5120K, 0% used [0x00000000da180000,0x00000000da180000,0x00000000da680000)
 ParOldGen       total 54272K, used 6919K [0x0000000088a00000, 0x000000008bf00000, 0x00000000d8380000)
  object space 54272K, 12% used [0x0000000088a00000,0x00000000890c1dd0,0x000000008bf00000)
 Metaspace       used 22290K, capacity 22734K, committed 22832K, reserved 1069056K
  class space    used 2775K, capacity 2898K, committed 2944K, reserved 1048576K
Event: 5.369 GC heap after
Heap after GC invocations=6 (full 1):
 PSYoungGen      total 35840K, used 3114K [0x00000000d8380000, 0x00000000dc400000, 0x0000000100000000)
  eden space 30720K, 0% used [0x00000000d8380000,0x00000000d8380000,0x00000000da180000)
  from space 5120K, 60% used [0x00000000da180000,0x00000000da48aa20,0x00000000da680000)
  to   space 9216K, 0% used [0x00000000dbb00000,0x00000000dbb00000,0x00000000dc400000)
 ParOldGen       total 54272K, used 6927K [0x0000000088a00000, 0x000000008bf00000, 0x00000000d8380000)
  object space 54272K, 12% used [0x0000000088a00000,0x00000000890c3dd0,0x000000008bf00000)
 Metaspace       used 22290K, capacity 22734K, committed 22832K, reserved 1069056K
  class space    used 2775K, capacity 2898K, committed 2944K, reserved 1048576K
}

